This is e-TeX, Version 3.14159-2.1 (Web2C 7.4.5) (format=latex 2005.11.29)  7 DEC 2006 11:53
entering extended mode
**./images.tex
(./images.tex
LaTeX2e <2001/06/01>
Babel <v3.7h> and hyphenation patterns for american, nohyphenation, loaded.

(/usr/share/texmf/tex/latex/base/article.cls
Document Class: article 2001/04/21 v1.4e Standard LaTeX document class
(/usr/share/texmf/tex/latex/base/size11.clo
File: size11.clo 2001/04/21 v1.4e Standard LaTeX file (size option)
)
\c@part=\count79
\c@section=\count80
\c@subsection=\count81
\c@subsubsection=\count82
\c@paragraph=\count83
\c@subparagraph=\count84
\c@figure=\count85
\c@table=\count86
\abovecaptionskip=\skip41
\belowcaptionskip=\skip42
\bibindent=\dimen102
) (/usr/share/texmf/tex/latex/base/ifthen.sty
Package: ifthen 2001/05/26 v1.1c Standard LaTeX ifthen package (DPC)
) (/usr/share/texmf/tex/latex/ntgclass/a4.sty
Package: a4 1999/03/03 v1.2f A4 based page layout
) (/usr/share/texmf/tex/latex/graphics/graphics.sty
Package: graphics 2001/07/07 v1.0n Standard LaTeX Graphics (DPC,SPQR)
(/usr/share/texmf/tex/latex/graphics/trig.sty
Package: trig 1999/03/16 v1.09 sin cos tan (DPC)
) (/usr/share/texmf/tex/latex/config/graphics.cfg
File: graphics.cfg 2001/08/31 v1.1 graphics configuration of teTeX/TeXLive
)
Package graphics Info: Driver file: dvips.def on input line 80.
(/usr/share/texmf/tex/latex/graphics/dvips.def
File: dvips.def 1999/02/16 v3.0i Driver-dependant file (DPC,SPQR)
)) (/usr/share/texmf/tex/latex/graphics/epsfig.sty
Package: epsfig 1999/02/16 v1.7a (e)psfig emulation (SPQR)
(/usr/share/texmf/tex/latex/graphics/graphicx.sty
Package: graphicx 1999/02/16 v1.0f Enhanced LaTeX Graphics (DPC,SPQR)
(/usr/share/texmf/tex/latex/graphics/keyval.sty
Package: keyval 1999/03/16 v1.13 key=value parser (DPC)
\KV@toks@=\toks14
)
\Gin@req@height=\dimen103
\Gin@req@width=\dimen104
)
\epsfxsize=\dimen105
\epsfysize=\dimen106
) (/usr/share/texmf/tex/latex/html/html.sty
Package: html 1999/07/19 v1.38 hypertext commands for latex2html (nd, hws, rrm)

\c@lpart=\count87
\c@lchapter=\count88
\c@chapter=\count89
\c@lsection=\count90
\c@lsubsection=\count91
\c@lsubsubsection=\count92
\c@lparagraph=\count93
\c@lsubparagraph=\count94
\c@lsubsubparagraph=\count95
\ptrfile=\write3
) (/usr/share/texmf/tex/latex/base/fontenc.sty
Package: fontenc 2001/06/05 v1.94 Standard LaTeX package
(/usr/share/texmf/tex/latex/base/t1enc.def
File: t1enc.def 2001/06/05 v1.94 Standard LaTeX file
LaTeX Font Info:    Redeclaring font encoding T1 on input line 38.
)) (/usr/share/texmf/tex/latex/base/inputenc.sty
Package: inputenc 2001/07/10 v0.99a Input encoding file 
(/usr/share/texmf/tex/latex/base/latin1.def
File: latin1.def 2001/07/10 v0.99a Input encoding file 
)) (/usr/share/texmf/tex/latex/graphics/color.sty
Package: color 1999/02/16 v1.0i Standard LaTeX Color (DPC)
(/usr/share/texmf/tex/latex/config/color.cfg
File: color.cfg 2001/08/31 v1.1 color configuration of teTeX/TeXLive
)
Package color Info: Driver file: dvips.def on input line 125.
(/usr/share/texmf/tex/latex/graphics/dvipsnam.def
File: dvipsnam.def 1999/02/16 v3.0i Driver-dependant file (DPC,SPQR)
))
\sizebox=\box26
\lthtmlwrite=\write4
(./images.aux

LaTeX Warning: Label `NAME' multiply defined.


LaTeX Warning: Label `SYNOPSIS' multiply defined.


LaTeX Warning: Label `OPTIONS_AND_ARGUMENTS' multiply defined.


LaTeX Warning: Label `DESCRIPTION' multiply defined.


LaTeX Warning: Label `SEE_ALSO' multiply defined.


LaTeX Warning: Label `AUTHOR' multiply defined.


LaTeX Warning: Label `COPYRIGHT_AND_LICENSE' multiply defined.


LaTeX Warning: Label `NAME' multiply defined.


LaTeX Warning: Label `SYNOPSIS' multiply defined.


LaTeX Warning: Label `OPTIONS_AND_ARGUMENTS' multiply defined.


LaTeX Warning: Label `DESCRIPTION' multiply defined.


LaTeX Warning: Label `EXAMPLES' multiply defined.


LaTeX Warning: Label `SEE_ALSO' multiply defined.


LaTeX Warning: Label `AUTHOR' multiply defined.


LaTeX Warning: Label `COPYRIGHT_AND_LICENSE' multiply defined.


LaTeX Warning: Label `NAME' multiply defined.


LaTeX Warning: Label `SYNOPSIS' multiply defined.


LaTeX Warning: Label `DESCRIPTION' multiply defined.


LaTeX Warning: Label `SEE_ALSO' multiply defined.


LaTeX Warning: Label `AUTHOR' multiply defined.


LaTeX Warning: Label `COPYRIGHT_AND_LICENSE' multiply defined.


LaTeX Warning: Label `NAME' multiply defined.


LaTeX Warning: Label `SYNOPSIS' multiply defined.


LaTeX Warning: Label `OPTIONS_AND_ARGUMENTS' multiply defined.


LaTeX Warning: Label `DESCRIPTION' multiply defined.


LaTeX Warning: Label `EXAMPLES' multiply defined.


LaTeX Warning: Label `SEE_ALSO' multiply defined.


LaTeX Warning: Label `AUTHOR' multiply defined.


LaTeX Warning: Label `COPYRIGHT_AND_LICENSE' multiply defined.


LaTeX Warning: Label `NAME' multiply defined.


LaTeX Warning: Label `AUTHOR' multiply defined.


LaTeX Warning: Label `NAME' multiply defined.


LaTeX Warning: Label `AUTHOR' multiply defined.


LaTeX Warning: Label `NAME' multiply defined.


LaTeX Warning: Label `DESCRIPTION' multiply defined.


LaTeX Warning: Label `NAME' multiply defined.


LaTeX Warning: Label `DESCRIPTION' multiply defined.


LaTeX Warning: Label `AUTHOR' multiply defined.


LaTeX Warning: Label `COPYRIGHT_AND_LICENSE' multiply defined.


LaTeX Warning: Label `NAME' multiply defined.


LaTeX Warning: Label `DESCRIPTION' multiply defined.


LaTeX Warning: Label `AUTHOR' multiply defined.


LaTeX Warning: Label `COPYRIGHT_AND_LICENSE' multiply defined.


LaTeX Warning: Label `NAME' multiply defined.


LaTeX Warning: Label `DESCRIPTION' multiply defined.


LaTeX Warning: Label `AUTHOR' multiply defined.


LaTeX Warning: Label `COPYRIGHT_AND_LICENSE' multiply defined.


LaTeX Warning: Label `NAME' multiply defined.


LaTeX Warning: Label `AUTHOR' multiply defined.


LaTeX Warning: Label `NAME' multiply defined.


LaTeX Warning: Label `DESCRIPTION' multiply defined.


LaTeX Warning: Label `AUTHOR' multiply defined.


LaTeX Warning: Label `COPYRIGHT_AND_LICENSE' multiply defined.


LaTeX Warning: Label `NAME' multiply defined.


LaTeX Warning: Label `DESCRIPTION' multiply defined.


LaTeX Warning: Label `AUTHOR' multiply defined.


LaTeX Warning: Label `COPYRIGHT_AND_LICENSE' multiply defined.


LaTeX Warning: Label `NAME' multiply defined.

)
\openout1 = `images.aux'.

LaTeX Font Info:    Checking defaults for OML/cmm/m/it on input line 119.
LaTeX Font Info:    ... okay on input line 119.
LaTeX Font Info:    Checking defaults for T1/cmr/m/n on input line 119.
LaTeX Font Info:    ... okay on input line 119.
LaTeX Font Info:    Checking defaults for OT1/cmr/m/n on input line 119.
LaTeX Font Info:    ... okay on input line 119.
LaTeX Font Info:    Checking defaults for OMS/cmsy/m/n on input line 119.
LaTeX Font Info:    ... okay on input line 119.
LaTeX Font Info:    Checking defaults for OMX/cmex/m/n on input line 119.
LaTeX Font Info:    ... okay on input line 119.
LaTeX Font Info:    Checking defaults for U/cmr/m/n on input line 119.
LaTeX Font Info:    ... okay on input line 119.

latex2htmlLength hsize=349.0pt

latex2htmlLength vsize=721.41338pt

latex2htmlLength hoffset=0.0pt

latex2htmlLength voffset=0.0pt

latex2htmlLength topmargin=0.0pt

latex2htmlLength topskip=0.00003pt

latex2htmlLength headheight=0.0pt

latex2htmlLength headsep=0.0pt

latex2htmlLength parskip=0.0pt plus 1.0pt

latex2htmlLength oddsidemargin=-2.84544pt

latex2htmlLength evensidemargin=-2.84544pt

File: focusedrobot.eps Graphic file (type eps)
<focusedrobot.eps>
l2hSize :tex2html_wrap5060:216.42621pt::0.0pt::349.0pt.
[1



]
LaTeX Font Info:    External font `cmex10' loaded for size
(Font)              <10.95> on input line 155.
LaTeX Font Info:    External font `cmex10' loaded for size
(Font)              <8> on input line 155.
LaTeX Font Info:    External font `cmex10' loaded for size
(Font)              <6> on input line 155.
l2hSize :tex2html_wrap_inline213:7.57011pt::7.57011pt::9.06111pt.
[2


]
File: CrawlerArchitecture.xfig.eps Graphic file (type eps)
<CrawlerArchitecture.xfig.eps>
l2hSize :tex2html_wrap5102:432.85242pt::0.0pt::349.0pt.
[3


]
File: TopicFilter.xfig.eps Graphic file (type eps)
<TopicFilter.xfig.eps>
l2hSize :tex2html_wrap5111:179.87949pt::0.0pt::349.0pt.
[4


]
l2hSize :tex2html_wrap_inline809:8.7125pt::8.7125pt::6.01942pt.
[5


]
l2hSize :tex2html_wrap_inline813:7.57011pt::7.57011pt::9.06111pt.
[6


]
l2hSize :tex2html_wrap_inline815:7.57011pt::7.57011pt::9.06111pt.
[7


]
l2hSize :displaymath801:16.07863pt::0.0pt::349.0pt.
[8


]
Overfull \hbox (47.42186pt too wide) detected at line 219
[] []
 []

l2hSize :displaymath802:37.20837pt::0.0pt::349.0pt.
[9


]
l2hSize :tex2html_wrap_inline857:8.7125pt::8.7125pt::65.28568pt.
[10


]
l2hSize :tex2html_wrap_inline859:8.7125pt::8.7125pt::81.71918pt.
[11


]
l2hSize :tex2html_wrap_inline861:8.7125pt::8.7125pt::99.8613pt.
[12


]
l2hSize :tex2html_wrap_inline863:7.57011pt::7.57011pt::26.3186pt.
[13


]
l2hSize :tex2html_wrap_inline865:8.04149pt::8.04149pt::42.7521pt.
[14


]
Overfull \hbox (51.21078pt too wide) detected at line 257
[] []
 []

l2hSize :displaymath804:37.20837pt::0.0pt::349.0pt.
[15


]
l2hSize :tex2html_wrap_inline869:8.7125pt::8.7125pt::111.54816pt.
[16


]
l2hSize :tex2html_wrap_inline871:8.04149pt::8.04149pt::34.27827pt.
[17


]
l2hSize :tex2html_wrap_inline875:7.60416pt::0.0pt::6.58974pt.
[18


]
l2hSize :tex2html_wrap_inline877:7.07011pt::0.0pt::14.5361pt.
[19


]
l2hSize :tex2html_wrap_inline879:8.7125pt::8.7125pt::121.41335pt.
[20


]
l2hSize :tex2html_wrap_inline881:8.7125pt::8.7125pt::177.3581pt.
[21


]
File: CrawlerSpeed.ps Graphic file (type eps)
<CrawlerSpeed.ps>
Overfull \hbox (55.25075pt too wide) detected at line 307
 [] 
 []

l2hSize :tex2html_wrap5177:288.56094pt::0.0pt::349.0pt.
[22


]
File: Config.ps Graphic file (type eps)
<Config.ps>
Overfull \hbox (55.25075pt too wide) detected at line 313
 [] 
 []

l2hSize :tex2html_wrap5181:288.56094pt::0.0pt::349.0pt.
[23


]
l2hSize :tex2html_wrap_inline2160:8.7125pt::8.7125pt::3.58609pt.
[24


] (./images.aux)

LaTeX Warning: There were multiply-defined labels.

 ) 
Here is how much of TeX's memory you used:
 1471 strings out of 95755
 17817 string characters out of 1194952
 59302 words of memory out of 1000001
 4474 multiletter control sequences out of 10000+50000
 7148 words of font info for 24 fonts, out of 500000 for 1000
 14 hyphenation exceptions out of 1000
 30i,5n,21p,189b,200s stack positions out of 1500i,500n,5000p,200000b,5000s

Output written on images.dvi (24 pages, 6444 bytes).
